<?xml version="1.0" encoding="UTF-8"?>
<!-- Generated by org.testng.reporters.JUnitReportReporter -->
<testsuite skipped="0" hostname="PUNITP143891L" name="com.pdf.reader.PDFReaderClass" tests="1" failures="0" timestamp="26 Oct 2018 13:28:50 GMT" time="3.296" errors="0">
  <testcase name="pdfReader" time="3.296" classname="com.pdf.reader.PDFReaderClass"/>
</testsuite> <!-- com.pdf.reader.PDFReaderClass -->
